<?xml version="1.0" encoding="UTF-8"?>
<robot generator="Robot 6.0.2 (Python 3.10.7 on win32)" generated="20230514 21:46:39.799" rpa="false" schemaversion="3">
<suite id="s1" name="Tables" source="C:\Users\eadesany\PycharmProjects\RobotFramework\Automation\tables.robot">
<test id="s1-t1" name="TableValidation" line="6">
<kw name="Open Browser" library="SeleniumLibrary">
<arg>https://testautomationpractice.blogspot.com/</arg>
<arg>chrome</arg>
<doc>Opens a new browser instance to the optional ``url``.</doc>
<msg timestamp="20230514 21:46:40.268" level="INFO">Opening browser 'chrome' to base url 'https://testautomationpractice.blogspot.com/'.</msg>
<msg timestamp="20230514 21:46:40.283" level="INFO">Applicable driver not found; attempting to install with Selenium Manager (Beta)</msg>
<status status="PASS" starttime="20230514 21:46:40.267" endtime="20230514 21:46:49.266"/>
</kw>
<kw name="Maximize Browser Window" library="SeleniumLibrary">
<doc>Maximizes current browser window.</doc>
<status status="PASS" starttime="20230514 21:46:49.267" endtime="20230514 21:46:49.430"/>
</kw>
<kw name="Get Element Count" library="SeleniumLibrary">
<var>${rows}</var>
<arg>xpath://table[@name='BookTable']/tbody/tr</arg>
<doc>Returns the number of elements matching ``locator``.</doc>
<msg timestamp="20230514 21:46:49.526" level="INFO">${rows} = 7</msg>
<status status="PASS" starttime="20230514 21:46:49.433" endtime="20230514 21:46:49.526"/>
</kw>
<kw name="Get Element Count" library="SeleniumLibrary">
<var>${columns}</var>
<arg>xpath://table[@name='BookTable']/tbody/tr/th</arg>
<doc>Returns the number of elements matching ``locator``.</doc>
<msg timestamp="20230514 21:46:49.575" level="INFO">${columns} = 4</msg>
<status status="PASS" starttime="20230514 21:46:49.528" endtime="20230514 21:46:49.575"/>
</kw>
<kw name="Log To Console" library="BuiltIn">
<arg>${rows}</arg>
<doc>Logs the given message to the console.</doc>
<status status="PASS" starttime="20230514 21:46:49.576" endtime="20230514 21:46:49.577"/>
</kw>
<kw name="Log To Console" library="BuiltIn">
<arg>${columns}</arg>
<doc>Logs the given message to the console.</doc>
<status status="PASS" starttime="20230514 21:46:49.577" endtime="20230514 21:46:49.577"/>
</kw>
<kw name="Get Text" library="SeleniumLibrary">
<var>${data}</var>
<arg>xpath://table[@name='BookTable']/tbody/tr[2]/td[1]</arg>
<doc>Returns the text value of the element identified by ``locator``.</doc>
<msg timestamp="20230514 21:46:49.639" level="INFO">${data} = Learn Selenium</msg>
<status status="PASS" starttime="20230514 21:46:49.578" endtime="20230514 21:46:49.639"/>
</kw>
<kw name="Log To Console" library="BuiltIn">
<arg>${data}</arg>
<doc>Logs the given message to the console.</doc>
<status status="PASS" starttime="20230514 21:46:49.640" endtime="20230514 21:46:49.641"/>
</kw>
<kw name="Get Text" library="SeleniumLibrary">
<var>${data2}</var>
<arg>xpath://table[@name='BookTable']/tbody/tr[4]/td[3]</arg>
<doc>Returns the text value of the element identified by ``locator``.</doc>
<msg timestamp="20230514 21:46:49.670" level="INFO">${data2} = Javascript</msg>
<status status="PASS" starttime="20230514 21:46:49.641" endtime="20230514 21:46:49.670"/>
</kw>
<kw name="Log To Console" library="BuiltIn">
<arg>${data2}</arg>
<doc>Logs the given message to the console.</doc>
<status status="PASS" starttime="20230514 21:46:49.670" endtime="20230514 21:46:49.671"/>
</kw>
<kw name="Get Text" library="SeleniumLibrary">
<var>${data3}</var>
<arg>xpath://table[@name='BookTable']/tbody/tr[4]/td[4]</arg>
<doc>Returns the text value of the element identified by ``locator``.</doc>
<msg timestamp="20230514 21:46:49.692" level="INFO">${data3} = 300</msg>
<status status="PASS" starttime="20230514 21:46:49.671" endtime="20230514 21:46:49.692"/>
</kw>
<kw name="Log To Console" library="BuiltIn">
<arg>${data3}</arg>
<doc>Logs the given message to the console.</doc>
<status status="PASS" starttime="20230514 21:46:49.692" endtime="20230514 21:46:49.693"/>
</kw>
<kw name="Table Column Should Contain" library="SeleniumLibrary">
<arg>xpath://table[@name='BookTable']</arg>
<arg>1</arg>
<arg>BookName</arg>
<doc>Verifies table column contains text ``expected``.</doc>
<status status="PASS" starttime="20230514 21:46:49.693" endtime="20230514 21:46:49.741"/>
</kw>
<kw name="Table Row Should Contain" library="SeleniumLibrary">
<arg>xpath://table[@name='BookTable']</arg>
<arg>5</arg>
<arg>Mukesh</arg>
<doc>Verifies that table row contains text ``expected``.</doc>
<status status="PASS" starttime="20230514 21:46:49.741" endtime="20230514 21:46:49.779"/>
</kw>
<kw name="Table Cell Should Contain" library="SeleniumLibrary">
<arg>xpath://table[@name='BookTable']</arg>
<arg>6</arg>
<arg>2</arg>
<arg>Amod</arg>
<doc>Verifies table cell contains text ``expected``.</doc>
<msg timestamp="20230514 21:46:49.835" level="INFO">Table cell contains 'Amod'.</msg>
<status status="PASS" starttime="20230514 21:46:49.780" endtime="20230514 21:46:49.836"/>
</kw>
<kw name="Table Header Should Contain" library="SeleniumLibrary">
<arg>xpath://table[@name='BookTable']</arg>
<arg>BookName</arg>
<doc>Verifies table header contains text ``expected``.</doc>
<status status="PASS" starttime="20230514 21:46:49.836" endtime="20230514 21:46:49.885"/>
</kw>
<status status="PASS" starttime="20230514 21:46:40.266" endtime="20230514 21:46:49.886"/>
</test>
<status status="PASS" starttime="20230514 21:46:39.806" endtime="20230514 21:46:49.888"/>
</suite>
<statistics>
<total>
<stat pass="1" fail="0" skip="0">All Tests</stat>
</total>
<tag>
</tag>
<suite>
<stat pass="1" fail="0" skip="0" id="s1" name="Tables">Tables</stat>
</suite>
</statistics>
<errors>
</errors>
</robot>
