<?xml version="1.0" encoding="UTF-8"?>
<robot generator="Robot 6.0.2 (Python 3.10.7 on win32)" generated="20230516 21:17:56.109" rpa="false" schemaversion="3">
<suite id="s1" name="DDT1" source="C:\Users\eadesany\PycharmProjects\RobotFramework\Resources\DDT1.robot">
<kw name="Opening my browser" library="resources" type="SETUP">
<kw name="Open Browser" library="SeleniumLibrary">
<arg>${url}</arg>
<arg>${browser}</arg>
<doc>Opens a new browser instance to the optional ``url``.</doc>
<msg timestamp="20230516 21:17:56.480" level="INFO">Opening browser 'chrome' to base url 'https://admin-demo.nopcommerce.com/login?ReturnUrl=%2Fadmin%2F'.</msg>
<msg timestamp="20230516 21:17:56.491" level="INFO">Applicable driver not found; attempting to install with Selenium Manager (Beta)</msg>
<status status="PASS" starttime="20230516 21:17:56.479" endtime="20230516 21:18:02.732"/>
</kw>
<kw name="Maximize Browser Window" library="SeleniumLibrary">
<doc>Maximizes current browser window.</doc>
<status status="PASS" starttime="20230516 21:18:02.733" endtime="20230516 21:18:02.863"/>
</kw>
<status status="PASS" starttime="20230516 21:17:56.478" endtime="20230516 21:18:02.863"/>
</kw>
<test id="s1-t1" name="right user wrong pwd" line="10">
<kw name="Invalid login">
<arg>admin@yourstore.com</arg>
<arg>xyz</arg>
<kw name="inputing username" library="resources">
<arg>${username}</arg>
<kw name="Input Text" library="SeleniumLibrary">
<arg>id:Email</arg>
<arg>${username}</arg>
<doc>Types the given ``text`` into the text field identified by ``locator``.</doc>
<msg timestamp="20230516 21:18:02.868" level="INFO">Typing text 'admin@yourstore.com' into text field 'id:Email'.</msg>
<status status="PASS" starttime="20230516 21:18:02.866" endtime="20230516 21:18:03.029"/>
</kw>
<status status="PASS" starttime="20230516 21:18:02.866" endtime="20230516 21:18:03.029"/>
</kw>
<kw name="inputing password" library="resources">
<arg>${password}</arg>
<kw name="Input Text" library="SeleniumLibrary">
<arg>id:Password</arg>
<arg>${password}</arg>
<doc>Types the given ``text`` into the text field identified by ``locator``.</doc>
<msg timestamp="20230516 21:18:03.030" level="INFO">Typing text 'xyz' into text field 'id:Password'.</msg>
<status status="PASS" starttime="20230516 21:18:03.030" endtime="20230516 21:18:03.117"/>
</kw>
<status status="PASS" starttime="20230516 21:18:03.030" endtime="20230516 21:18:03.118"/>
</kw>
<kw name="click on login" library="resources">
<kw name="Click Element" library="SeleniumLibrary">
<arg>xpath://button[@type='submit']</arg>
<doc>Click the element identified by ``locator``.</doc>
<msg timestamp="20230516 21:18:03.118" level="INFO">Clicking element 'xpath://button[@type='submit']'.</msg>
<status status="PASS" starttime="20230516 21:18:03.118" endtime="20230516 21:18:03.785"/>
</kw>
<status status="PASS" starttime="20230516 21:18:03.118" endtime="20230516 21:18:03.785"/>
</kw>
<kw name="error text should be visible" library="resources">
<kw name="Page Should Contain" library="SeleniumLibrary">
<arg>Login was unsuccessful</arg>
<doc>Verifies that current page contains ``text``.</doc>
<msg timestamp="20230516 21:18:03.805" level="INFO">Current page contains text 'Login was unsuccessful'.</msg>
<status status="PASS" starttime="20230516 21:18:03.785" endtime="20230516 21:18:03.805"/>
</kw>
<status status="PASS" starttime="20230516 21:18:03.785" endtime="20230516 21:18:03.805"/>
</kw>
<status status="PASS" starttime="20230516 21:18:02.865" endtime="20230516 21:18:03.805"/>
</kw>
<status status="PASS" starttime="20230516 21:18:02.864" endtime="20230516 21:18:03.806"/>
</test>
<test id="s1-t2" name="wrong user right pwd" line="11">
<kw name="Invalid login">
<arg>adm@yourstore.com</arg>
<arg>admin</arg>
<kw name="inputing username" library="resources">
<arg>${username}</arg>
<kw name="Input Text" library="SeleniumLibrary">
<arg>id:Email</arg>
<arg>${username}</arg>
<doc>Types the given ``text`` into the text field identified by ``locator``.</doc>
<msg timestamp="20230516 21:18:03.809" level="INFO">Typing text 'adm@yourstore.com' into text field 'id:Email'.</msg>
<status status="PASS" starttime="20230516 21:18:03.808" endtime="20230516 21:18:03.939"/>
</kw>
<status status="PASS" starttime="20230516 21:18:03.808" endtime="20230516 21:18:03.939"/>
</kw>
<kw name="inputing password" library="resources">
<arg>${password}</arg>
<kw name="Input Text" library="SeleniumLibrary">
<arg>id:Password</arg>
<arg>${password}</arg>
<doc>Types the given ``text`` into the text field identified by ``locator``.</doc>
<msg timestamp="20230516 21:18:03.940" level="INFO">Typing text 'admin' into text field 'id:Password'.</msg>
<status status="PASS" starttime="20230516 21:18:03.940" endtime="20230516 21:18:04.037"/>
</kw>
<status status="PASS" starttime="20230516 21:18:03.939" endtime="20230516 21:18:04.037"/>
</kw>
<kw name="click on login" library="resources">
<kw name="Click Element" library="SeleniumLibrary">
<arg>xpath://button[@type='submit']</arg>
<doc>Click the element identified by ``locator``.</doc>
<msg timestamp="20230516 21:18:04.038" level="INFO">Clicking element 'xpath://button[@type='submit']'.</msg>
<status status="PASS" starttime="20230516 21:18:04.038" endtime="20230516 21:18:04.513"/>
</kw>
<status status="PASS" starttime="20230516 21:18:04.037" endtime="20230516 21:18:04.513"/>
</kw>
<kw name="error text should be visible" library="resources">
<kw name="Page Should Contain" library="SeleniumLibrary">
<arg>Login was unsuccessful</arg>
<doc>Verifies that current page contains ``text``.</doc>
<msg timestamp="20230516 21:18:04.529" level="INFO">Current page contains text 'Login was unsuccessful'.</msg>
<status status="PASS" starttime="20230516 21:18:04.513" endtime="20230516 21:18:04.529"/>
</kw>
<status status="PASS" starttime="20230516 21:18:04.513" endtime="20230516 21:18:04.529"/>
</kw>
<status status="PASS" starttime="20230516 21:18:03.807" endtime="20230516 21:18:04.530"/>
</kw>
<status status="PASS" starttime="20230516 21:18:03.806" endtime="20230516 21:18:04.530"/>
</test>
<test id="s1-t3" name="right user empty pwd" line="12">
<kw name="Invalid login">
<arg>admin@yourstore.com</arg>
<arg>${EMPTY}</arg>
<kw name="inputing username" library="resources">
<arg>${username}</arg>
<kw name="Input Text" library="SeleniumLibrary">
<arg>id:Email</arg>
<arg>${username}</arg>
<doc>Types the given ``text`` into the text field identified by ``locator``.</doc>
<msg timestamp="20230516 21:18:04.534" level="INFO">Typing text 'admin@yourstore.com' into text field 'id:Email'.</msg>
<status status="PASS" starttime="20230516 21:18:04.533" endtime="20230516 21:18:04.631"/>
</kw>
<status status="PASS" starttime="20230516 21:18:04.533" endtime="20230516 21:18:04.631"/>
</kw>
<kw name="inputing password" library="resources">
<arg>${password}</arg>
<kw name="Input Text" library="SeleniumLibrary">
<arg>id:Password</arg>
<arg>${password}</arg>
<doc>Types the given ``text`` into the text field identified by ``locator``.</doc>
<msg timestamp="20230516 21:18:04.632" level="INFO">Typing text '' into text field 'id:Password'.</msg>
<status status="PASS" starttime="20230516 21:18:04.632" endtime="20230516 21:18:04.710"/>
</kw>
<status status="PASS" starttime="20230516 21:18:04.631" endtime="20230516 21:18:04.711"/>
</kw>
<kw name="click on login" library="resources">
<kw name="Click Element" library="SeleniumLibrary">
<arg>xpath://button[@type='submit']</arg>
<doc>Click the element identified by ``locator``.</doc>
<msg timestamp="20230516 21:18:04.711" level="INFO">Clicking element 'xpath://button[@type='submit']'.</msg>
<status status="PASS" starttime="20230516 21:18:04.711" endtime="20230516 21:18:05.206"/>
</kw>
<status status="PASS" starttime="20230516 21:18:04.711" endtime="20230516 21:18:05.206"/>
</kw>
<kw name="error text should be visible" library="resources">
<kw name="Page Should Contain" library="SeleniumLibrary">
<arg>Login was unsuccessful</arg>
<doc>Verifies that current page contains ``text``.</doc>
<msg timestamp="20230516 21:18:05.226" level="INFO">Current page contains text 'Login was unsuccessful'.</msg>
<status status="PASS" starttime="20230516 21:18:05.208" endtime="20230516 21:18:05.227"/>
</kw>
<status status="PASS" starttime="20230516 21:18:05.207" endtime="20230516 21:18:05.227"/>
</kw>
<status status="PASS" starttime="20230516 21:18:04.532" endtime="20230516 21:18:05.227"/>
</kw>
<status status="PASS" starttime="20230516 21:18:04.531" endtime="20230516 21:18:05.228"/>
</test>
<test id="s1-t4" name="empty user right pwd" line="13">
<kw name="Invalid login">
<arg>${EMPTY}</arg>
<arg>admin</arg>
<kw name="inputing username" library="resources">
<arg>${username}</arg>
<kw name="Input Text" library="SeleniumLibrary">
<arg>id:Email</arg>
<arg>${username}</arg>
<doc>Types the given ``text`` into the text field identified by ``locator``.</doc>
<msg timestamp="20230516 21:18:05.233" level="INFO">Typing text '' into text field 'id:Email'.</msg>
<status status="PASS" starttime="20230516 21:18:05.232" endtime="20230516 21:18:05.314"/>
</kw>
<status status="PASS" starttime="20230516 21:18:05.232" endtime="20230516 21:18:05.314"/>
</kw>
<kw name="inputing password" library="resources">
<arg>${password}</arg>
<kw name="Input Text" library="SeleniumLibrary">
<arg>id:Password</arg>
<arg>${password}</arg>
<doc>Types the given ``text`` into the text field identified by ``locator``.</doc>
<msg timestamp="20230516 21:18:05.316" level="INFO">Typing text 'admin' into text field 'id:Password'.</msg>
<status status="PASS" starttime="20230516 21:18:05.315" endtime="20230516 21:18:05.406"/>
</kw>
<status status="PASS" starttime="20230516 21:18:05.314" endtime="20230516 21:18:05.406"/>
</kw>
<kw name="click on login" library="resources">
<kw name="Click Element" library="SeleniumLibrary">
<arg>xpath://button[@type='submit']</arg>
<doc>Click the element identified by ``locator``.</doc>
<msg timestamp="20230516 21:18:05.407" level="INFO">Clicking element 'xpath://button[@type='submit']'.</msg>
<status status="PASS" starttime="20230516 21:18:05.406" endtime="20230516 21:18:05.452"/>
</kw>
<status status="PASS" starttime="20230516 21:18:05.406" endtime="20230516 21:18:05.452"/>
</kw>
<kw name="error text should be visible" library="resources">
<kw name="Page Should Contain" library="SeleniumLibrary">
<arg>Login was unsuccessful</arg>
<doc>Verifies that current page contains ``text``.</doc>
<msg timestamp="20230516 21:18:05.467" level="INFO">Current page contains text 'Login was unsuccessful'.</msg>
<status status="PASS" starttime="20230516 21:18:05.453" endtime="20230516 21:18:05.467"/>
</kw>
<status status="PASS" starttime="20230516 21:18:05.453" endtime="20230516 21:18:05.467"/>
</kw>
<status status="PASS" starttime="20230516 21:18:05.232" endtime="20230516 21:18:05.467"/>
</kw>
<status status="PASS" starttime="20230516 21:18:05.231" endtime="20230516 21:18:05.468"/>
</test>
<test id="s1-t5" name="wrong user wrong pwd" line="14">
<kw name="Invalid login">
<arg>adm@yourstor.com</arg>
<arg>xyz</arg>
<kw name="inputing username" library="resources">
<arg>${username}</arg>
<kw name="Input Text" library="SeleniumLibrary">
<arg>id:Email</arg>
<arg>${username}</arg>
<doc>Types the given ``text`` into the text field identified by ``locator``.</doc>
<msg timestamp="20230516 21:18:05.471" level="INFO">Typing text 'adm@yourstor.com' into text field 'id:Email'.</msg>
<status status="PASS" starttime="20230516 21:18:05.470" endtime="20230516 21:18:05.571"/>
</kw>
<status status="PASS" starttime="20230516 21:18:05.470" endtime="20230516 21:18:05.571"/>
</kw>
<kw name="inputing password" library="resources">
<arg>${password}</arg>
<kw name="Input Text" library="SeleniumLibrary">
<arg>id:Password</arg>
<arg>${password}</arg>
<doc>Types the given ``text`` into the text field identified by ``locator``.</doc>
<msg timestamp="20230516 21:18:05.572" level="INFO">Typing text 'xyz' into text field 'id:Password'.</msg>
<status status="PASS" starttime="20230516 21:18:05.572" endtime="20230516 21:18:05.657"/>
</kw>
<status status="PASS" starttime="20230516 21:18:05.571" endtime="20230516 21:18:05.657"/>
</kw>
<kw name="click on login" library="resources">
<kw name="Click Element" library="SeleniumLibrary">
<arg>xpath://button[@type='submit']</arg>
<doc>Click the element identified by ``locator``.</doc>
<msg timestamp="20230516 21:18:05.657" level="INFO">Clicking element 'xpath://button[@type='submit']'.</msg>
<status status="PASS" starttime="20230516 21:18:05.657" endtime="20230516 21:18:06.112"/>
</kw>
<status status="PASS" starttime="20230516 21:18:05.657" endtime="20230516 21:18:06.112"/>
</kw>
<kw name="error text should be visible" library="resources">
<kw name="Page Should Contain" library="SeleniumLibrary">
<arg>Login was unsuccessful</arg>
<doc>Verifies that current page contains ``text``.</doc>
<msg timestamp="20230516 21:18:06.127" level="INFO">Current page contains text 'Login was unsuccessful'.</msg>
<status status="PASS" starttime="20230516 21:18:06.113" endtime="20230516 21:18:06.127"/>
</kw>
<status status="PASS" starttime="20230516 21:18:06.112" endtime="20230516 21:18:06.127"/>
</kw>
<status status="PASS" starttime="20230516 21:18:05.470" endtime="20230516 21:18:06.128"/>
</kw>
<status status="PASS" starttime="20230516 21:18:05.469" endtime="20230516 21:18:06.130"/>
</test>
<kw name="closing my browser" library="resources" type="TEARDOWN">
<kw name="Close All Browsers" library="SeleniumLibrary">
<doc>Closes all open browsers and resets the browser cache.</doc>
<status status="PASS" starttime="20230516 21:18:06.132" endtime="20230516 21:18:12.480"/>
</kw>
<status status="PASS" starttime="20230516 21:18:06.132" endtime="20230516 21:18:12.480"/>
</kw>
<status status="PASS" starttime="20230516 21:17:56.112" endtime="20230516 21:18:12.480"/>
</suite>
<statistics>
<total>
<stat pass="5" fail="0" skip="0">All Tests</stat>
</total>
<tag>
</tag>
<suite>
<stat pass="5" fail="0" skip="0" id="s1" name="DDT1">DDT1</stat>
</suite>
</statistics>
<errors>
</errors>
</robot>
