<?xml version="1.0" encoding="UTF-8"?>
<robot generator="Robot 6.0.2 (Python 3.10.7 on win32)" generated="20230511 13:22:55.310" rpa="false" schemaversion="3">
<suite id="s1" name="inputBox" source="C:\Users\eadesany\PycharmProjects\RobotFramework\Automation\inputBox.robot">
<test id="s1-t1" name="InputBox" line="12">
<kw name="Create Webdriver" library="SeleniumLibrary">
<arg>Chrome</arg>
<arg>executable_path "C:/Users/eadesany/chromedriver_win32/chromedriver"</arg>
<doc>Creates an instance of Selenium WebDriver.</doc>
<msg timestamp="20230511 13:22:55.574" level="INFO">Creating an instance of the Chrome WebDriver.</msg>
<msg timestamp="20230511 13:22:55.594" level="INFO">Applicable driver not found; attempting to install with Selenium Manager (Beta)</msg>
<status status="PASS" starttime="20230511 13:22:55.573" endtime="20230511 13:22:57.469"/>
</kw>
<kw name="Open Browser" library="SeleniumLibrary">
<arg>${url}</arg>
<arg>${browser}</arg>
<doc>Opens a new browser instance to the optional ``url``.</doc>
<msg timestamp="20230511 13:22:57.470" level="INFO">Opening browser 'chrome' to base url 'https://www.amazon.com/'.</msg>
<msg timestamp="20230511 13:22:57.483" level="INFO">Applicable driver not found; attempting to install with Selenium Manager (Beta)</msg>
<status status="PASS" starttime="20230511 13:22:57.470" endtime="20230511 13:23:02.996"/>
</kw>
<kw name="Maximize Browser Window" library="SeleniumLibrary">
<doc>Maximizes current browser window.</doc>
<status status="PASS" starttime="20230511 13:23:02.997" endtime="20230511 13:23:03.229"/>
</kw>
<kw name="Sleep" library="BuiltIn">
<arg>2</arg>
<doc>Pauses the test executed for the given time.</doc>
<msg timestamp="20230511 13:23:05.239" level="INFO">Slept 2 seconds</msg>
<status status="PASS" starttime="20230511 13:23:03.232" endtime="20230511 13:23:05.239"/>
</kw>
<kw name="Input Text" library="SeleniumLibrary">
<arg>xpath://*[@id="twotabsearchtextbox"]</arg>
<arg>${search_term}</arg>
<doc>Types the given ``text`` into the text field identified by ``locator``.</doc>
<msg timestamp="20230511 13:23:05.240" level="INFO">Typing text 'mother's day gifts' into text field 'xpath://*[@id="twotabsearchtextbox"]'.</msg>
<status status="PASS" starttime="20230511 13:23:05.240" endtime="20230511 13:23:05.462"/>
</kw>
<kw name="Click Button" library="SeleniumLibrary">
<arg>xpath://*[@id="nav-search-submit-button"]</arg>
<doc>Clicks the button identified by ``locator``.</doc>
<msg timestamp="20230511 13:23:05.464" level="INFO">Clicking button 'xpath://*[@id="nav-search-submit-button"]'.</msg>
<status status="PASS" starttime="20230511 13:23:05.463" endtime="20230511 13:23:10.460"/>
</kw>
<kw name="Sleep" library="BuiltIn">
<arg>2</arg>
<doc>Pauses the test executed for the given time.</doc>
<msg timestamp="20230511 13:23:12.465" level="INFO">Slept 2 seconds</msg>
<status status="PASS" starttime="20230511 13:23:10.461" endtime="20230511 13:23:12.465"/>
</kw>
<kw name="Clear Element Text" library="SeleniumLibrary">
<arg>xpath:/html[1]/body[1]/div[1]/header[1]/div[1]/div[1]/div[2]/div[1]/form[1]/div[2]/div[1]/input[1]</arg>
<doc>Clears the value of the text-input-element identified by ``locator``.</doc>
<status status="PASS" starttime="20230511 13:23:12.466" endtime="20230511 13:23:12.545"/>
</kw>
<kw name="Sleep" library="BuiltIn">
<arg>2</arg>
<doc>Pauses the test executed for the given time.</doc>
<msg timestamp="20230511 13:23:14.548" level="INFO">Slept 2 seconds</msg>
<status status="PASS" starttime="20230511 13:23:12.545" endtime="20230511 13:23:14.548"/>
</kw>
<kw name="Input Text" library="SeleniumLibrary">
<arg>xpath:/html[1]/body[1]/div[1]/header[1]/div[1]/div[1]/div[2]/div[1]/form[1]/div[2]/div[1]/input[1]</arg>
<arg>${search_item2}</arg>
<doc>Types the given ``text`` into the text field identified by ``locator``.</doc>
<msg timestamp="20230511 13:23:14.549" level="INFO">Typing text 'football jerseys' into text field 'xpath:/html[1]/body[1]/div[1]/header[1]/div[1]/div[1]/div[2]/div[1]/form[1]/div[2]/div[1]/input[1]'.</msg>
<status status="PASS" starttime="20230511 13:23:14.548" endtime="20230511 13:23:14.736"/>
</kw>
<kw name="Click Button" library="SeleniumLibrary">
<arg>xpath://*[@id="nav-search-submit-button"]</arg>
<doc>Clicks the button identified by ``locator``.</doc>
<msg timestamp="20230511 13:23:14.737" level="INFO">Clicking button 'xpath://*[@id="nav-search-submit-button"]'.</msg>
<status status="PASS" starttime="20230511 13:23:14.737" endtime="20230511 13:23:21.009"/>
</kw>
<kw name="Sleep" library="BuiltIn">
<arg>3</arg>
<doc>Pauses the test executed for the given time.</doc>
<msg timestamp="20230511 13:23:24.025" level="INFO">Slept 3 seconds</msg>
<status status="PASS" starttime="20230511 13:23:21.010" endtime="20230511 13:23:24.025"/>
</kw>
<kw name="Close Browser" library="SeleniumLibrary">
<doc>Closes the current browser.</doc>
<status status="PASS" starttime="20230511 13:23:24.025" endtime="20230511 13:23:26.503"/>
</kw>
<status status="PASS" starttime="20230511 13:22:55.573" endtime="20230511 13:23:26.503"/>
</test>
<status status="PASS" starttime="20230511 13:22:55.313" endtime="20230511 13:23:26.504"/>
</suite>
<statistics>
<total>
<stat pass="1" fail="0" skip="0">All Tests</stat>
</total>
<tag>
</tag>
<suite>
<stat pass="1" fail="0" skip="0" id="s1" name="inputBox">inputBox</stat>
</suite>
</statistics>
<errors>
</errors>
</robot>
