<?xml version="1.0" encoding="UTF-8"?>
<robot generator="Robot 6.0.2 (Python 3.10.7 on win32)" generated="20230511 18:23:01.251" rpa="false" schemaversion="3">
<suite id="s1" name="Inputvalidation" source="C:\Users\eadesany\PycharmProjects\RobotFramework\Automation\inputvalidation.robot">
<test id="s1-t1" name="ValidationTest" line="8">
<kw name="Open Browser" library="SeleniumLibrary">
<arg>${URL}</arg>
<arg>${browser}</arg>
<doc>Opens a new browser instance to the optional ``url``.</doc>
<msg timestamp="20230511 18:23:01.571" level="INFO">Opening browser 'chrome' to base url 'https://flipkart.com'.</msg>
<msg timestamp="20230511 18:23:01.584" level="INFO">Applicable driver not found; attempting to install with Selenium Manager (Beta)</msg>
<status status="PASS" starttime="20230511 18:23:01.571" endtime="20230511 18:23:07.865"/>
</kw>
<kw name="Maximize Browser Window" library="SeleniumLibrary">
<doc>Maximizes current browser window.</doc>
<status status="PASS" starttime="20230511 18:23:07.866" endtime="20230511 18:23:07.998"/>
</kw>
<kw name="Title Should Be" library="SeleniumLibrary">
<arg>Online Shopping Site for Mobiles, Electronics, Furniture, Grocery, Lifestyle, Books &amp; More. Best Offers!</arg>
<doc>Verifies that the current page title equals ``title``.</doc>
<msg timestamp="20230511 18:23:08.013" level="INFO">Page title is 'Online Shopping Site for Mobiles, Electronics, Furniture, Grocery, Lifestyle, Books &amp; More. Best Offers!'.</msg>
<status status="PASS" starttime="20230511 18:23:07.999" endtime="20230511 18:23:08.013"/>
</kw>
<kw name="Set Variable" library="BuiltIn">
<var>${input_txt}</var>
<arg>xpath:/html/body/div[2]/div/div/div/div/div[2]/div/form/div[1]/input</arg>
<doc>Returns the given values which can then be assigned to a variables.</doc>
<msg timestamp="20230511 18:23:08.014" level="INFO">${input_txt} = xpath:/html/body/div[2]/div/div/div/div/div[2]/div/form/div[1]/input</msg>
<status status="PASS" starttime="20230511 18:23:08.014" endtime="20230511 18:23:08.014"/>
</kw>
<kw name="Element Should Be Enabled" library="SeleniumLibrary">
<arg>${input_txt}</arg>
<doc>Verifies that element identified by ``locator`` is enabled.</doc>
<status status="PASS" starttime="20230511 18:23:08.015" endtime="20230511 18:23:08.135"/>
</kw>
<kw name="Element Should Be Visible" library="SeleniumLibrary">
<arg>${input_txt}</arg>
<doc>Verifies that the element identified by ``locator`` is visible.</doc>
<msg timestamp="20230511 18:23:08.164" level="INFO">Element 'xpath:/html/body/div[2]/div/div/div/div/div[2]/div/form/div[1]/input' is displayed.</msg>
<status status="PASS" starttime="20230511 18:23:08.136" endtime="20230511 18:23:08.164"/>
</kw>
<kw name="Sleep" library="BuiltIn">
<arg>3</arg>
<doc>Pauses the test executed for the given time.</doc>
<msg timestamp="20230511 18:23:11.169" level="INFO">Slept 3 seconds</msg>
<status status="PASS" starttime="20230511 18:23:08.164" endtime="20230511 18:23:11.170"/>
</kw>
<kw name="Input Text" library="SeleniumLibrary">
<arg>xpath:/html/body/div[2]/div/div/div/div/div[2]/div/form/div[1]/input</arg>
<arg>codersarcade@gmail.com</arg>
<doc>Types the given ``text`` into the text field identified by ``locator``.</doc>
<msg timestamp="20230511 18:23:11.173" level="INFO">Typing text 'codersarcade@gmail.com' into text field 'xpath:/html/body/div[2]/div/div/div/div/div[2]/div/form/div[1]/input'.</msg>
<status status="PASS" starttime="20230511 18:23:11.172" endtime="20230511 18:23:11.344"/>
</kw>
<kw name="Sleep" library="BuiltIn">
<arg>3</arg>
<doc>Pauses the test executed for the given time.</doc>
<msg timestamp="20230511 18:23:14.359" level="INFO">Slept 3 seconds</msg>
<status status="PASS" starttime="20230511 18:23:11.345" endtime="20230511 18:23:14.359"/>
</kw>
<kw name="Clear Element Text" library="SeleniumLibrary">
<arg>xpath:/html/body/div[2]/div/div/div/div/div[2]/div/form/div[1]/input</arg>
<doc>Clears the value of the text-input-element identified by ``locator``.</doc>
<status status="PASS" starttime="20230511 18:23:14.360" endtime="20230511 18:23:14.403"/>
</kw>
<kw name="Sleep" library="BuiltIn">
<arg>3</arg>
<doc>Pauses the test executed for the given time.</doc>
<msg timestamp="20230511 18:23:17.407" level="INFO">Slept 3 seconds</msg>
<status status="PASS" starttime="20230511 18:23:14.404" endtime="20230511 18:23:17.407"/>
</kw>
<kw name="Close Browser" library="SeleniumLibrary">
<doc>Closes the current browser.</doc>
<status status="PASS" starttime="20230511 18:23:17.409" endtime="20230511 18:23:19.851"/>
</kw>
<status status="PASS" starttime="20230511 18:23:01.570" endtime="20230511 18:23:19.852"/>
</test>
<status status="PASS" starttime="20230511 18:23:01.263" endtime="20230511 18:23:19.855"/>
</suite>
<statistics>
<total>
<stat pass="1" fail="0" skip="0">All Tests</stat>
</total>
<tag>
</tag>
<suite>
<stat pass="1" fail="0" skip="0" id="s1" name="Inputvalidation">Inputvalidation</stat>
</suite>
</statistics>
<errors>
</errors>
</robot>
