<?xml version="1.0" encoding="UTF-8"?>
<robot generator="Robot 6.0.2 (Python 3.10.7 on win32)" generated="20230512 20:22:20.696" rpa="false" schemaversion="3">
<suite id="s1" name="Alert" source="C:\Users\eadesany\PycharmProjects\RobotFramework\Automation\alert.robot">
<test id="s1-t1" name="AlertTesting" line="5">
<kw name="Open Browser" library="SeleniumLibrary">
<arg>https://testautomationpractice.blogspot.com/</arg>
<arg>chrome</arg>
<doc>Opens a new browser instance to the optional ``url``.</doc>
<msg timestamp="20230512 20:22:20.955" level="INFO">Opening browser 'chrome' to base url 'https://testautomationpractice.blogspot.com/'.</msg>
<msg timestamp="20230512 20:22:20.965" level="INFO">Applicable driver not found; attempting to install with Selenium Manager (Beta)</msg>
<status status="PASS" starttime="20230512 20:22:20.955" endtime="20230512 20:22:25.498"/>
</kw>
<kw name="Click Button" library="SeleniumLibrary">
<arg>xpath://button[@onclick='myFunction()']</arg>
<doc>Clicks the button identified by ``locator``.</doc>
<msg timestamp="20230512 20:22:25.501" level="INFO">Clicking button 'xpath://button[@onclick='myFunction()']'.</msg>
<status status="PASS" starttime="20230512 20:22:25.499" endtime="20230512 20:22:25.585"/>
</kw>
<kw name="Sleep" library="BuiltIn">
<arg>3</arg>
<doc>Pauses the test executed for the given time.</doc>
<msg timestamp="20230512 20:22:28.588" level="INFO">Slept 3 seconds</msg>
<status status="PASS" starttime="20230512 20:22:25.586" endtime="20230512 20:22:28.589"/>
</kw>
<kw name="Handle Alert" library="SeleniumLibrary">
<arg>Dismiss</arg>
<doc>Handles the current alert and returns its message.</doc>
<msg timestamp="20230512 20:22:28.591" level="INFO">HANDLE::&lt;class 'NoneType'&gt;::None</msg>
<status status="PASS" starttime="20230512 20:22:28.590" endtime="20230512 20:22:28.613"/>
</kw>
<status status="PASS" starttime="20230512 20:22:20.954" endtime="20230512 20:22:28.615"/>
</test>
<status status="PASS" starttime="20230512 20:22:20.700" endtime="20230512 20:22:28.623"/>
</suite>
<statistics>
<total>
<stat pass="1" fail="0" skip="0">All Tests</stat>
</total>
<tag>
</tag>
<suite>
<stat pass="1" fail="0" skip="0" id="s1" name="Alert">Alert</stat>
</suite>
</statistics>
<errors>
</errors>
</robot>
