<?xml version="1.0" encoding="UTF-8"?>
<robot generator="Robot 6.0.2 (Python 3.10.7 on win32)" generated="20230508 22:10:23.405" rpa="false" schemaversion="3">
<suite id="s1" name="Test" source="C:\Users\eadesany\PycharmProjects\RobotFramework\Automation\test.robot">
<test id="s1-t1" name="Google" line="11">
<kw name="Create Webdriver" library="SeleniumLibrary">
<arg>Chrome</arg>
<arg>executable_path "C:/Users/eadesany/chromedriver_win32/chromedriver"</arg>
<doc>Creates an instance of Selenium WebDriver.</doc>
<msg timestamp="20230508 22:10:23.708" level="INFO">Creating an instance of the Chrome WebDriver.</msg>
<msg timestamp="20230508 22:10:23.719" level="INFO">Applicable driver not found; attempting to install with Selenium Manager (Beta)</msg>
<status status="PASS" starttime="20230508 22:10:23.708" endtime="20230508 22:10:25.679"/>
</kw>
<kw name="Open Browser" library="SeleniumLibrary">
<arg>${url}</arg>
<arg>${browser}</arg>
<doc>Opens a new browser instance to the optional ``url``.</doc>
<msg timestamp="20230508 22:10:25.680" level="INFO">Opening browser 'Chrome' to base url 'https://www.google.com/'.</msg>
<msg timestamp="20230508 22:10:25.691" level="INFO">Applicable driver not found; attempting to install with Selenium Manager (Beta)</msg>
<status status="PASS" starttime="20230508 22:10:25.679" endtime="20230508 22:10:47.245"/>
</kw>
<kw name="Maximize Browser Window" library="SeleniumLibrary">
<doc>Maximizes current browser window.</doc>
<status status="PASS" starttime="20230508 22:10:47.245" endtime="20230508 22:10:47.365"/>
</kw>
<kw name="Sleep" library="BuiltIn">
<arg>10</arg>
<doc>Pauses the test executed for the given time.</doc>
<msg timestamp="20230508 22:10:57.370" level="INFO">Slept 10 seconds</msg>
<status status="PASS" starttime="20230508 22:10:47.365" endtime="20230508 22:10:57.370"/>
</kw>
<kw name="Close Browser" library="SeleniumLibrary">
<doc>Closes the current browser.</doc>
<status status="PASS" starttime="20230508 22:10:57.373" endtime="20230508 22:10:59.703"/>
</kw>
<status status="PASS" starttime="20230508 22:10:23.707" endtime="20230508 22:10:59.704"/>
</test>
<status status="PASS" starttime="20230508 22:10:23.408" endtime="20230508 22:10:59.708"/>
</suite>
<statistics>
<total>
<stat pass="1" fail="0" skip="0">All Tests</stat>
</total>
<tag>
</tag>
<suite>
<stat pass="1" fail="0" skip="0" id="s1" name="Test">Test</stat>
</suite>
</statistics>
<errors>
</errors>
</robot>
